O3 -> Ofast

Layer 0 :  Elapse time 0.010014 ms. (    1.38 GFlops) 
Layer 1 :  Elapse time 0.028690 ms. (    2.41 GFlops) 
Layer 2 :  Elapse time 1.121044 ms. (    2.22 GFlops) 
Layer 3 :  Elapse time 18.044631 ms. (    9.41 GFlops) 
Layer 4 :  Elapse time 600.653648 ms. (    9.05 GFlops) 
Total elapse time: 0.619858. (    9.05 GFlops) 

 Performance counter stats for './winograd conf/small.conf':

          1,878.02 msec task-clock                #    0.999 CPUs utilized          
                18      context-switches          #    9.585 /sec                   
                 0      cpu-migrations            #    0.000 /sec                   
           186,695      page-faults               #   99.410 K/sec                  
     4,860,907,592      cycles                    #    2.588 GHz                      (38.50%)
     9,425,091,913      instructions              #    1.94  insn per cycle           (46.34%)
     1,067,710,538      branches                  #  568.528 M/sec                    (54.01%)
         1,287,316      branch-misses             #    0.12% of all branches          (61.68%)
    24,306,308,082      slots                     #   12.942 G/sec                    (69.33%)
     4,443,766,254      topdown-retiring          #     15.5% retiring                (69.33%)
    16,680,799,664      topdown-bad-spec          #     58.3% bad speculation         (69.33%)
       708,836,646      topdown-fe-bound          #      2.5% frontend bound          (69.33%)
     6,763,185,446      topdown-be-bound          #     23.7% backend bound           (69.33%)
     2,864,607,442      L1-dcache-loads           #    1.525 G/sec                    (69.34%)
       480,117,921      L1-dcache-load-misses     #   16.76% of all L1-dcache accesses  (69.33%)
         1,521,059      LLC-loads                 #  809.925 K/sec                    (69.33%)
           738,463      LLC-load-misses           #   48.55% of all LL-cache accesses  (69.33%)
   <not supported>      L1-icache-loads                                             
         2,766,530      L1-icache-load-misses                                         (30.66%)
     2,829,409,801      dTLB-loads                #    1.507 G/sec                    (30.67%)
           336,129      dTLB-load-misses          #    0.01% of all dTLB cache accesses  (30.67%)
   <not supported>      iTLB-loads                                                  
             1,411      iTLB-load-misses                                              (30.67%)
   <not supported>      L1-dcache-prefetches                                        
   <not supported>      L1-dcache-prefetch-misses                                   

       1.879950102 seconds time elapsed

       1.586660000 seconds user
       0.291753000 seconds sys


