Layer 0 :  Elapse time 7667.958021 ms. (    1.42 GFlops) 
Layer 1 :  Elapse time 20193.167369 ms. (   11.52 GFlops) 
Layer 2 :  Elapse time 8247.111320 ms. (   13.85 GFlops) 
Layer 3 :  Elapse time 14546.825647 ms. (   15.70 GFlops) 
Layer 4 :  Elapse time 6383.959691 ms. (   17.24 GFlops) 
Layer 5 :  Elapse time 11802.393039 ms. (   18.65 GFlops) 
Layer 6 :  Elapse time 11805.243651 ms. (   18.65 GFlops) 
Layer 7 :  Elapse time 11806.047996 ms. (   18.65 GFlops) 
Layer 8 :  Elapse time 5491.524378 ms. (   18.59 GFlops) 
Layer 9 :  Elapse time 11474.368334 ms. (   17.79 GFlops) 
Layer 10:  Elapse time 11472.469966 ms. (   17.79 GFlops) 
Layer 11:  Elapse time 11472.158988 ms. (   17.79 GFlops) 
Layer 12:  Elapse time 2153.612693 ms. (   20.19 GFlops) 
Layer 13:  Elapse time 2145.591736 ms. (   20.27 GFlops) 
Layer 14:  Elapse time 2145.353953 ms. (   20.27 GFlops) 
Layer 15:  Elapse time 2145.250003 ms. (   20.27 GFlops) 
Total elapse time: 140.953037. (   15.93 GFlops) 

 Performance counter stats for './winograd conf/vgg16.conf':

        425,041.69 msec task-clock                #    1.000 CPUs utilized          
             3,564      context-switches          #    8.385 /sec                   
                 0      cpu-migrations            #    0.000 /sec                   
        20,743,393      page-faults               #   48.803 K/sec                  
 1,100,377,570,907      cycles                    #    2.589 GHz                      (38.46%)
 2,564,580,071,761      instructions              #    2.33  insn per cycle           (46.15%)
   286,523,593,176      branches                  #  674.107 M/sec                    (53.84%)
        78,642,177      branch-misses             #    0.03% of all branches          (61.54%)
 5,502,217,614,368      slots                     #   12.945 G/sec                    (69.23%)
   536,966,861,993      topdown-retiring          #      9.3% retiring                (69.23%)
 4,121,268,879,781      topdown-bad-spec          #     71.1% bad speculation         (69.23%)
    22,804,428,816      topdown-fe-bound          #      0.4% frontend bound          (69.23%)
 1,117,687,884,009      topdown-be-bound          #     19.3% backend bound           (69.23%)
 1,003,419,327,233      L1-dcache-loads           #    2.361 G/sec                    (69.23%)
   103,722,329,618      L1-dcache-load-misses     #   10.34% of all L1-dcache accesses  (69.23%)
       387,146,547      LLC-loads                 #  910.844 K/sec                    (69.23%)
       104,183,688      LLC-load-misses           #   26.91% of all LL-cache accesses  (69.23%)
   <not supported>      L1-icache-loads                                             
       335,970,391      L1-icache-load-misses                                         (30.77%)
 1,003,697,334,929      dTLB-loads                #    2.361 G/sec                    (30.77%)
        35,755,472      dTLB-load-misses          #    0.00% of all dTLB cache accesses  (30.77%)
   <not supported>      iTLB-loads                                                  
           161,003      iTLB-load-misses                                              (30.77%)
   <not supported>      L1-dcache-prefetches                                        
   <not supported>      L1-dcache-prefetch-misses                                   

     425.218607202 seconds time elapsed

     392.676637000 seconds user
      32.348473000 seconds sys


