Layer 0 :  Elapse time 7538.370927 ms. (    1.45 GFlops) 
Layer 1 :  Elapse time 17248.918692 ms. (   13.48 GFlops) 
Layer 2 :  Elapse time 6718.888283 ms. (   17.00 GFlops) 
Layer 3 :  Elapse time 11284.625689 ms. (   20.24 GFlops) 
Layer 4 :  Elapse time 4757.485072 ms. (   23.14 GFlops) 
Layer 5 :  Elapse time 8083.009720 ms. (   27.24 GFlops) 
Layer 6 :  Elapse time 7732.663314 ms. (   28.47 GFlops) 
Layer 7 :  Elapse time 7733.139277 ms. (   28.47 GFlops) 
Layer 8 :  Elapse time 3608.685652 ms. (   28.29 GFlops) 
Layer 9 :  Elapse time 7314.266364 ms. (   27.91 GFlops) 
Layer 10:  Elapse time 7315.964381 ms. (   27.90 GFlops) 
Layer 11:  Elapse time 7317.795674 ms. (   27.90 GFlops) 
Layer 12:  Elapse time 1397.283951 ms. (   31.12 GFlops) 
Layer 13:  Elapse time 1390.890678 ms. (   31.27 GFlops) 
Layer 14:  Elapse time 1389.705658 ms. (   31.29 GFlops) 
Layer 15:  Elapse time 1389.578660 ms. (   31.29 GFlops) 
Total elapse time: 102.221272. (   21.96 GFlops) 

 Performance counter stats for './winograd conf/vgg16.conf':

        309,041.97 msec task-clock                #    1.000 CPUs utilized          
             2,559      context-switches          #    8.280 /sec                   
                 0      cpu-migrations            #    0.000 /sec                   
        20,743,259      page-faults               #   67.121 K/sec                  
   800,031,751,289      cycles                    #    2.589 GHz                      (38.46%)
 1,238,286,124,237      instructions              #    1.55  insn per cycle           (46.15%)
   180,870,029,150      branches                  #  585.260 M/sec                    (53.84%)
        96,766,098      branch-misses             #    0.05% of all branches          (61.54%)
 4,000,409,440,915      slots                     #   12.945 G/sec                    (69.23%)
   406,506,754,368      topdown-retiring          #      9.8% retiring                (69.23%)
 2,776,754,788,399      topdown-bad-spec          #     66.8% bad speculation         (69.23%)
    36,868,985,091      topdown-fe-bound          #      0.9% frontend bound          (69.23%)
   934,523,803,359      topdown-be-bound          #     22.5% backend bound           (69.23%)
   597,164,462,509      L1-dcache-loads           #    1.932 G/sec                    (69.23%)
    98,951,354,693      L1-dcache-load-misses     #   16.57% of all L1-dcache accesses  (69.23%)
       431,122,508      LLC-loads                 #    1.395 M/sec                    (69.23%)
       115,864,004      LLC-load-misses           #   26.87% of all LL-cache accesses  (69.23%)
   <not supported>      L1-icache-loads                                             
       302,245,847      L1-icache-load-misses                                         (30.77%)
   597,547,705,556      dTLB-loads                #    1.934 G/sec                    (30.77%)
        28,396,601      dTLB-load-misses          #    0.00% of all dTLB cache accesses  (30.77%)
   <not supported>      iTLB-loads                                                  
           176,960      iTLB-load-misses                                              (30.77%)
   <not supported>      L1-dcache-prefetches                                        
   <not supported>      L1-dcache-prefetch-misses                                   

     309.171136807 seconds time elapsed

     276.868009000 seconds user
      32.162425000 seconds sys


