--------------------------------
filter_packing_time: 4487857757, delta: 0ms
filter_transform_time: 4487857757, delta: 0ms
image_packing_time: 4487857879, delta: 122ms
image_transform_time: 4487858101, delta: 222ms
sgemm_time: 4487869338, delta: 11237ms
output_transform_time: 4487872148, delta: 2810ms
output_unpacking_store_time: 4487874013, delta: 1865ms
--------------------------------
--------------------------------
filter_packing_time: 4487874197, delta: 0ms
filter_transform_time: 4487874197, delta: 0ms
image_packing_time: 4487874320, delta: 123ms
image_transform_time: 4487874542, delta: 222ms
sgemm_time: 4487885780, delta: 11238ms
output_transform_time: 4487888590, delta: 2810ms
output_unpacking_store_time: 4487890184, delta: 1594ms
--------------------------------
--------------------------------
filter_packing_time: 4487890371, delta: 0ms
filter_transform_time: 4487890371, delta: 0ms
image_packing_time: 4487890493, delta: 122ms
image_transform_time: 4487890715, delta: 222ms
sgemm_time: 4487901954, delta: 11239ms
output_transform_time: 4487904762, delta: 2808ms
output_unpacking_store_time: 4487906357, delta: 1595ms
--------------------------------
Layer 0 :  Elapse time 16261.425018 ms. (    0.67 GFlops) 
--------------------------------
filter_packing_time: 4487907244, delta: 0ms
filter_transform_time: 4487907245, delta: 1ms
image_packing_time: 4487909748, delta: 2503ms
image_transform_time: 4487914428, delta: 4680ms
sgemm_time: 4487918708, delta: 4280ms
output_transform_time: 4487921522, delta: 2814ms
output_unpacking_store_time: 4487923389, delta: 1867ms
--------------------------------
--------------------------------
filter_packing_time: 4487923755, delta: 0ms
filter_transform_time: 4487923756, delta: 1ms
image_packing_time: 4487926261, delta: 2505ms
image_transform_time: 4487930940, delta: 4679ms
sgemm_time: 4487935219, delta: 4279ms
output_transform_time: 4487938159, delta: 2940ms
output_unpacking_store_time: 4487939753, delta: 1594ms
--------------------------------
--------------------------------
filter_packing_time: 4487940127, delta: 0ms
filter_transform_time: 4487940128, delta: 1ms
image_packing_time: 4487942634, delta: 2506ms
image_transform_time: 4487947315, delta: 4681ms
sgemm_time: 4487951597, delta: 4282ms
output_transform_time: 4487954538, delta: 2941ms
output_unpacking_store_time: 4487956132, delta: 1594ms
--------------------------------
Layer 1 :  Elapse time 16420.778672 ms. (   14.16 GFlops) 
--------------------------------
filter_packing_time: 4487956749, delta: 0ms
filter_transform_time: 4487956751, delta: 2ms
image_packing_time: 4487957380, delta: 629ms
image_transform_time: 4487958567, delta: 1187ms
sgemm_time: 4487960718, delta: 2151ms
output_transform_time: 4487962123, delta: 1405ms
output_unpacking_store_time: 4487963058, delta: 935ms
--------------------------------
--------------------------------
filter_packing_time: 4487963195, delta: 0ms
filter_transform_time: 4487963198, delta: 3ms
image_packing_time: 4487963827, delta: 629ms
image_transform_time: 4487965012, delta: 1185ms
sgemm_time: 4487967322, delta: 2310ms
output_transform_time: 4487968726, delta: 1404ms
output_unpacking_store_time: 4487969525, delta: 799ms
--------------------------------
--------------------------------
filter_packing_time: 4487969663, delta: 0ms
filter_transform_time: 4487969664, delta: 1ms
image_packing_time: 4487970294, delta: 630ms
image_transform_time: 4487971481, delta: 1187ms
sgemm_time: 4487973800, delta: 2319ms
output_transform_time: 4487975205, delta: 1405ms
output_unpacking_store_time: 4487976004, delta: 799ms
--------------------------------
Layer 2 :  Elapse time 6464.056015 ms. (   17.67 GFlops) 
--------------------------------
filter_packing_time: 4487976505, delta: 0ms
filter_transform_time: 4487976509, delta: 4ms
image_packing_time: 4487977775, delta: 1266ms
image_transform_time: 4487980123, delta: 2348ms
sgemm_time: 4487985211, delta: 5088ms
output_transform_time: 4487986622, delta: 1411ms
output_unpacking_store_time: 4487987555, delta: 933ms
--------------------------------
--------------------------------
filter_packing_time: 4487987744, delta: 0ms
filter_transform_time: 4487987748, delta: 4ms
image_packing_time: 4487989014, delta: 1266ms
image_transform_time: 4487991369, delta: 2355ms
sgemm_time: 4487995159, delta: 3790ms
output_transform_time: 4487996570, delta: 1411ms
output_unpacking_store_time: 4487997369, delta: 799ms
--------------------------------
--------------------------------
filter_packing_time: 4487997559, delta: 1ms
filter_transform_time: 4487997562, delta: 3ms
image_packing_time: 4487998828, delta: 1266ms
image_transform_time: 4488001181, delta: 2353ms
sgemm_time: 4488004969, delta: 3788ms
output_transform_time: 4488006380, delta: 1411ms
output_unpacking_store_time: 4488007179, delta: 799ms
--------------------------------
Layer 3 :  Elapse time 10287.799358 ms. (   22.20 GFlops) 
--------------------------------
filter_packing_time: 4488007492, delta: 0ms
filter_transform_time: 4488007500, delta: 8ms
image_packing_time: 4488007815, delta: 315ms
image_transform_time: 4488008408, delta: 593ms
sgemm_time: 4488010983, delta: 2575ms
output_transform_time: 4488011691, delta: 708ms
output_unpacking_store_time: 4488012158, delta: 467ms
--------------------------------
--------------------------------
filter_packing_time: 4488012233, delta: 1ms
filter_transform_time: 4488012241, delta: 8ms
image_packing_time: 4488012555, delta: 314ms
image_transform_time: 4488013148, delta: 593ms
sgemm_time: 4488015079, delta: 1931ms
output_transform_time: 4488015788, delta: 709ms
output_unpacking_store_time: 4488016187, delta: 399ms
--------------------------------
--------------------------------
filter_packing_time: 4488016260, delta: 0ms
filter_transform_time: 4488016267, delta: 7ms
image_packing_time: 4488016582, delta: 315ms
image_transform_time: 4488017175, delta: 593ms
sgemm_time: 4488019107, delta: 1932ms
output_transform_time: 4488019816, delta: 709ms
output_unpacking_store_time: 4488020215, delta: 399ms
--------------------------------
Layer 4 :  Elapse time 4265.480677 ms. (   25.81 GFlops) 
--------------------------------
filter_packing_time: 4488020472, delta: 1ms
filter_transform_time: 4488020489, delta: 17ms
image_packing_time: 4488021121, delta: 632ms
image_transform_time: 4488022308, delta: 1187ms
sgemm_time: 4488027153, delta: 4845ms
output_transform_time: 4488027858, delta: 705ms
output_unpacking_store_time: 4488028325, delta: 467ms
--------------------------------
--------------------------------
filter_packing_time: 4488028424, delta: 1ms
filter_transform_time: 4488028440, delta: 16ms
image_packing_time: 4488029073, delta: 633ms
image_transform_time: 4488030259, delta: 1186ms
sgemm_time: 4488033970, delta: 3711ms
output_transform_time: 4488034674, delta: 704ms
output_unpacking_store_time: 4488035074, delta: 400ms
--------------------------------
--------------------------------
filter_packing_time: 4488035173, delta: 1ms
filter_transform_time: 4488035186, delta: 13ms
image_packing_time: 4488035820, delta: 634ms
image_transform_time: 4488037007, delta: 1187ms
sgemm_time: 4488040718, delta: 3711ms
output_transform_time: 4488041422, delta: 704ms
output_unpacking_store_time: 4488041822, delta: 400ms
--------------------------------
Layer 5 :  Elapse time 7149.291674 ms. (   30.79 GFlops) 
--------------------------------
filter_packing_time: 4488042109, delta: 1ms
filter_transform_time: 4488042122, delta: 13ms
image_packing_time: 4488042756, delta: 634ms
image_transform_time: 4488043943, delta: 1187ms
sgemm_time: 4488047653, delta: 3710ms
output_transform_time: 4488048357, delta: 704ms
output_unpacking_store_time: 4488048823, delta: 466ms
--------------------------------
--------------------------------
filter_packing_time: 4488048922, delta: 1ms
filter_transform_time: 4488048936, delta: 14ms
image_packing_time: 4488049569, delta: 633ms
image_transform_time: 4488050756, delta: 1187ms
sgemm_time: 4488054466, delta: 3710ms
output_transform_time: 4488055171, delta: 705ms
output_unpacking_store_time: 4488055570, delta: 399ms
--------------------------------
--------------------------------
filter_packing_time: 4488055669, delta: 1ms
filter_transform_time: 4488055683, delta: 14ms
image_packing_time: 4488056316, delta: 633ms
image_transform_time: 4488057503, delta: 1187ms
sgemm_time: 4488061212, delta: 3709ms
output_transform_time: 4488061917, delta: 705ms
output_unpacking_store_time: 4488062317, delta: 400ms
--------------------------------
Layer 6 :  Elapse time 6769.049009 ms. (   32.52 GFlops) 
--------------------------------
filter_packing_time: 4488062604, delta: 1ms
filter_transform_time: 4488062618, delta: 14ms
image_packing_time: 4488063252, delta: 634ms
image_transform_time: 4488064438, delta: 1186ms
sgemm_time: 4488068148, delta: 3710ms
output_transform_time: 4488068853, delta: 705ms
output_unpacking_store_time: 4488069319, delta: 466ms
--------------------------------
--------------------------------
filter_packing_time: 4488069418, delta: 1ms
filter_transform_time: 4488069432, delta: 14ms
image_packing_time: 4488070065, delta: 633ms
image_transform_time: 4488071252, delta: 1187ms
sgemm_time: 4488074961, delta: 3709ms
output_transform_time: 4488075666, delta: 705ms
output_unpacking_store_time: 4488076066, delta: 400ms
--------------------------------
--------------------------------
filter_packing_time: 4488076164, delta: 1ms
filter_transform_time: 4488076178, delta: 14ms
image_packing_time: 4488076812, delta: 634ms
image_transform_time: 4488077999, delta: 1187ms
sgemm_time: 4488081709, delta: 3710ms
output_transform_time: 4488082414, delta: 705ms
output_unpacking_store_time: 4488082813, delta: 399ms
--------------------------------
Layer 7 :  Elapse time 6769.287268 ms. (   32.52 GFlops) 
--------------------------------
filter_packing_time: 4488082978, delta: 2ms
filter_transform_time: 4488083011, delta: 33ms
image_packing_time: 4488083168, delta: 157ms
image_transform_time: 4488083465, delta: 297ms
sgemm_time: 4488085896, delta: 2431ms
output_transform_time: 4488086250, delta: 354ms
output_unpacking_store_time: 4488086484, delta: 234ms
--------------------------------
--------------------------------
filter_packing_time: 4488086525, delta: 3ms
filter_transform_time: 4488086556, delta: 31ms
image_packing_time: 4488086714, delta: 158ms
image_transform_time: 4488087010, delta: 296ms
sgemm_time: 4488088876, delta: 1866ms
output_transform_time: 4488089231, delta: 355ms
output_unpacking_store_time: 4488089432, delta: 201ms
--------------------------------
--------------------------------
filter_packing_time: 4488089471, delta: 2ms
filter_transform_time: 4488089498, delta: 27ms
image_packing_time: 4488089656, delta: 158ms
image_transform_time: 4488089952, delta: 296ms
sgemm_time: 4488091819, delta: 1867ms
output_transform_time: 4488092174, delta: 355ms
output_unpacking_store_time: 4488092375, delta: 201ms
--------------------------------
Layer 8 :  Elapse time 3145.527999 ms. (   32.45 GFlops) 
--------------------------------
filter_packing_time: 4488092511, delta: 4ms
filter_transform_time: 4488092577, delta: 66ms
image_packing_time: 4488092894, delta: 317ms
image_transform_time: 4488093488, delta: 594ms
sgemm_time: 4488098310, delta: 4822ms
output_transform_time: 4488098665, delta: 355ms
output_unpacking_store_time: 4488098898, delta: 233ms
--------------------------------
--------------------------------
filter_packing_time: 4488098956, delta: 5ms
filter_transform_time: 4488099022, delta: 66ms
image_packing_time: 4488099339, delta: 317ms
image_transform_time: 4488099932, delta: 593ms
sgemm_time: 4488104745, delta: 4813ms
output_transform_time: 4488105100, delta: 355ms
output_unpacking_store_time: 4488105301, delta: 201ms
--------------------------------
--------------------------------
filter_packing_time: 4488105359, delta: 5ms
filter_transform_time: 4488105424, delta: 65ms
image_packing_time: 4488105742, delta: 318ms
image_transform_time: 4488106335, delta: 593ms
sgemm_time: 4488111151, delta: 4816ms
output_transform_time: 4488111506, delta: 355ms
output_unpacking_store_time: 4488111707, delta: 201ms
--------------------------------
Layer 9 :  Elapse time 6417.809010 ms. (   31.81 GFlops) 
--------------------------------
filter_packing_time: 4488111862, delta: 4ms
filter_transform_time: 4488111928, delta: 66ms
image_packing_time: 4488112245, delta: 317ms
image_transform_time: 4488112838, delta: 593ms
sgemm_time: 4488117659, delta: 4821ms
output_transform_time: 4488118014, delta: 355ms
output_unpacking_store_time: 4488118247, delta: 233ms
--------------------------------
--------------------------------
filter_packing_time: 4488118305, delta: 5ms
filter_transform_time: 4488118371, delta: 66ms
image_packing_time: 4488118688, delta: 317ms
image_transform_time: 4488119281, delta: 593ms
sgemm_time: 4488124106, delta: 4825ms
output_transform_time: 4488124461, delta: 355ms
output_unpacking_store_time: 4488124662, delta: 201ms
--------------------------------
--------------------------------
filter_packing_time: 4488124719, delta: 5ms
filter_transform_time: 4488124785, delta: 66ms
image_packing_time: 4488125102, delta: 317ms
image_transform_time: 4488125695, delta: 593ms
sgemm_time: 4488130519, delta: 4824ms
output_transform_time: 4488130874, delta: 355ms
output_unpacking_store_time: 4488131075, delta: 201ms
--------------------------------
Layer 10:  Elapse time 6423.420350 ms. (   31.78 GFlops) 
--------------------------------
filter_packing_time: 4488131229, delta: 4ms
filter_transform_time: 4488131295, delta: 66ms
image_packing_time: 4488131612, delta: 317ms
image_transform_time: 4488132205, delta: 593ms
sgemm_time: 4488137028, delta: 4823ms
output_transform_time: 4488137383, delta: 355ms
output_unpacking_store_time: 4488137616, delta: 233ms
--------------------------------
--------------------------------
filter_packing_time: 4488137674, delta: 5ms
filter_transform_time: 4488137740, delta: 66ms
image_packing_time: 4488138057, delta: 317ms
image_transform_time: 4488138650, delta: 593ms
sgemm_time: 4488143475, delta: 4825ms
output_transform_time: 4488143830, delta: 355ms
output_unpacking_store_time: 4488144031, delta: 201ms
--------------------------------
--------------------------------
filter_packing_time: 4488144088, delta: 4ms
filter_transform_time: 4488144154, delta: 66ms
image_packing_time: 4488144472, delta: 318ms
image_transform_time: 4488145064, delta: 592ms
sgemm_time: 4488149890, delta: 4826ms
output_transform_time: 4488150244, delta: 354ms
output_unpacking_store_time: 4488150445, delta: 201ms
--------------------------------
Layer 11:  Elapse time 6424.390395 ms. (   31.78 GFlops) 
--------------------------------
filter_packing_time: 4488150533, delta: 7ms
filter_transform_time: 4488150599, delta: 66ms
image_packing_time: 4488150657, delta: 58ms
image_transform_time: 4488150765, delta: 108ms
sgemm_time: 4488151652, delta: 887ms
output_transform_time: 4488151717, delta: 65ms
output_unpacking_store_time: 4488151760, delta: 43ms
--------------------------------
--------------------------------
filter_packing_time: 4488151777, delta: 5ms
filter_transform_time: 4488151843, delta: 66ms
image_packing_time: 4488151901, delta: 58ms
image_transform_time: 4488152009, delta: 108ms
sgemm_time: 4488152897, delta: 888ms
output_transform_time: 4488152955, delta: 58ms
output_unpacking_store_time: 4488152992, delta: 37ms
--------------------------------
--------------------------------
filter_packing_time: 4488153006, delta: 4ms
filter_transform_time: 4488153072, delta: 66ms
image_packing_time: 4488153129, delta: 57ms
image_transform_time: 4488153238, delta: 109ms
sgemm_time: 4488154126, delta: 888ms
output_transform_time: 4488154174, delta: 48ms
output_unpacking_store_time: 4488154211, delta: 37ms
--------------------------------
Layer 12:  Elapse time 1231.470664 ms. (   35.31 GFlops) 
--------------------------------
filter_packing_time: 4488154261, delta: 7ms
filter_transform_time: 4488154327, delta: 66ms
image_packing_time: 4488154384, delta: 57ms
image_transform_time: 4488154493, delta: 109ms
sgemm_time: 4488155383, delta: 890ms
output_transform_time: 4488155441, delta: 58ms
output_unpacking_store_time: 4488155485, delta: 44ms
--------------------------------
--------------------------------
filter_packing_time: 4488155499, delta: 4ms
filter_transform_time: 4488155565, delta: 66ms
image_packing_time: 4488155623, delta: 58ms
image_transform_time: 4488155731, delta: 108ms
sgemm_time: 4488156620, delta: 889ms
output_transform_time: 4488156668, delta: 48ms
output_unpacking_store_time: 4488156705, delta: 37ms
--------------------------------
--------------------------------
filter_packing_time: 4488156719, delta: 4ms
filter_transform_time: 4488156785, delta: 66ms
image_packing_time: 4488156843, delta: 58ms
image_transform_time: 4488156952, delta: 109ms
sgemm_time: 4488157840, delta: 888ms
output_transform_time: 4488157888, delta: 48ms
output_unpacking_store_time: 4488157925, delta: 37ms
--------------------------------
Layer 13:  Elapse time 1226.917664 ms. (   35.44 GFlops) 
--------------------------------
filter_packing_time: 4488157974, delta: 7ms
filter_transform_time: 4488158040, delta: 66ms
image_packing_time: 4488158097, delta: 57ms
image_transform_time: 4488158206, delta: 109ms
sgemm_time: 4488159094, delta: 888ms
output_transform_time: 4488159152, delta: 58ms
output_unpacking_store_time: 4488159195, delta: 43ms
--------------------------------
--------------------------------
filter_packing_time: 4488159210, delta: 4ms
filter_transform_time: 4488159276, delta: 66ms
image_packing_time: 4488159334, delta: 58ms
image_transform_time: 4488159442, delta: 108ms
sgemm_time: 4488160331, delta: 889ms
output_transform_time: 4488160379, delta: 48ms
output_unpacking_store_time: 4488160415, delta: 36ms
--------------------------------
--------------------------------
filter_packing_time: 4488160430, delta: 5ms
filter_transform_time: 4488160496, delta: 66ms
image_packing_time: 4488160553, delta: 57ms
image_transform_time: 4488160662, delta: 109ms
sgemm_time: 4488161550, delta: 888ms
output_transform_time: 4488161597, delta: 47ms
output_unpacking_store_time: 4488161634, delta: 37ms
--------------------------------
Layer 14:  Elapse time 1225.703716 ms. (   35.48 GFlops) 
--------------------------------
filter_packing_time: 4488161684, delta: 7ms
filter_transform_time: 4488161749, delta: 65ms
image_packing_time: 4488161807, delta: 58ms
image_transform_time: 4488161916, delta: 109ms
sgemm_time: 4488162802, delta: 886ms
output_transform_time: 4488162860, delta: 58ms
output_unpacking_store_time: 4488162904, delta: 44ms
--------------------------------
--------------------------------
filter_packing_time: 4488162918, delta: 4ms
filter_transform_time: 4488162984, delta: 66ms
image_packing_time: 4488163042, delta: 58ms
image_transform_time: 4488163151, delta: 109ms
sgemm_time: 4488164038, delta: 887ms
output_transform_time: 4488164085, delta: 47ms
output_unpacking_store_time: 4488164122, delta: 37ms
--------------------------------
--------------------------------
filter_packing_time: 4488164137, delta: 5ms
filter_transform_time: 4488164203, delta: 66ms
image_packing_time: 4488164260, delta: 57ms
image_transform_time: 4488164369, delta: 109ms
sgemm_time: 4488165257, delta: 888ms
output_transform_time: 4488165305, delta: 48ms
output_unpacking_store_time: 4488165342, delta: 37ms
--------------------------------
Layer 15:  Elapse time 1225.002686 ms. (   35.50 GFlops) 
Total elapse time: 101.707410. (   22.07 GFlops) 

 Performance counter stats for './winograd conf/vgg16.conf':

        307,509.00 msec task-clock                #    1.000 CPUs utilized          
             2,570      context-switches          #    8.357 /sec                   
                 0      cpu-migrations            #    0.000 /sec                   
        20,743,260      page-faults               #   67.456 K/sec                  
   796,067,015,182      cycles                    #    2.589 GHz                      (38.46%)
 1,257,624,009,589      instructions              #    1.58  insn per cycle           (46.15%)
   180,666,671,533      branches                  #  587.517 M/sec                    (53.85%)
       100,619,451      branch-misses             #    0.06% of all branches          (61.54%)
 3,980,588,762,935      slots                     #   12.945 G/sec                    (69.23%)
   409,293,944,060      topdown-retiring          #      9.7% retiring                (69.23%)
 2,919,098,426,152      topdown-bad-spec          #     68.9% bad speculation         (69.23%)
    13,988,368,065      topdown-fe-bound          #      0.3% frontend bound          (69.23%)
   892,549,420,776      topdown-be-bound          #     21.1% backend bound           (69.23%)
   368,262,485,249      L1-dcache-loads           #    1.198 G/sec                    (69.23%)
   100,209,588,583      L1-dcache-load-misses     #   27.21% of all L1-dcache accesses  (69.23%)
       584,350,467      LLC-loads                 #    1.900 M/sec                    (69.23%)
       121,583,280      LLC-load-misses           #   20.81% of all LL-cache accesses  (69.23%)
   <not supported>      L1-icache-loads                                             
       392,412,672      L1-icache-load-misses                                         (30.77%)
   368,845,892,007      dTLB-loads                #    1.199 G/sec                    (30.77%)
        34,197,896      dTLB-load-misses          #    0.01% of all dTLB cache accesses  (30.77%)
   <not supported>      iTLB-loads                                                  
           128,026      iTLB-load-misses                                              (30.77%)
   <not supported>      L1-dcache-prefetches                                        
   <not supported>      L1-dcache-prefetch-misses                                   

     307.634490780 seconds time elapsed

     275.605291000 seconds user
      31.893206000 seconds sys


