Layer 0 :  Elapse time 7544.739962 ms. (    1.44 GFlops) 
Layer 1 :  Elapse time 17214.768648 ms. (   13.51 GFlops) 
Layer 2 :  Elapse time 6608.998696 ms. (   17.28 GFlops) 
Layer 3 :  Elapse time 11028.489272 ms. (   20.71 GFlops) 
Layer 4 :  Elapse time 4611.644665 ms. (   23.87 GFlops) 
Layer 5 :  Elapse time 7858.270645 ms. (   28.02 GFlops) 
Layer 6 :  Elapse time 7672.157367 ms. (   28.69 GFlops) 
Layer 7 :  Elapse time 7671.580394 ms. (   28.70 GFlops) 
Layer 8 :  Elapse time 3491.453330 ms. (   29.23 GFlops) 
Layer 9 :  Elapse time 6970.385631 ms. (   29.29 GFlops) 
Layer 10:  Elapse time 6969.125986 ms. (   29.29 GFlops) 
Layer 11:  Elapse time 6970.540603 ms. (   29.29 GFlops) 
Layer 12:  Elapse time 1333.172957 ms. (   32.62 GFlops) 
Layer 13:  Elapse time 1324.627717 ms. (   32.83 GFlops) 
Layer 14:  Elapse time 1325.458686 ms. (   32.81 GFlops) 
Layer 15:  Elapse time 1324.363629 ms. (   32.84 GFlops) 
Total elapse time: 99.919778. (   22.47 GFlops) 

 Performance counter stats for './winograd conf/vgg16.conf':

        302,144.57 msec task-clock                #    1.000 CPUs utilized          
             2,527      context-switches          #    8.364 /sec                   
                 0      cpu-migrations            #    0.000 /sec                   
        20,743,257      page-faults               #   68.653 K/sec                  
   782,172,362,315      cycles                    #    2.589 GHz                      (38.46%)
 1,207,895,315,714      instructions              #    1.54  insn per cycle           (46.15%)
   177,388,408,707      branches                  #  587.098 M/sec                    (53.84%)
        97,403,632      branch-misses             #    0.05% of all branches          (61.53%)
 3,911,112,804,614      slots                     #   12.945 G/sec                    (69.23%)
   375,689,501,774      topdown-retiring          #      9.1% retiring                (69.23%)
 2,914,162,481,869      topdown-bad-spec          #     70.7% bad speculation         (69.23%)
    29,220,313,666      topdown-fe-bound          #      0.7% frontend bound          (69.23%)
   802,394,282,600      topdown-be-bound          #     19.5% backend bound           (69.23%)
   588,992,544,160      L1-dcache-loads           #    1.949 G/sec                    (69.23%)
   100,792,199,442      L1-dcache-load-misses     #   17.11% of all L1-dcache accesses  (69.23%)
       448,398,155      LLC-loads                 #    1.484 M/sec                    (69.23%)
       114,831,060      LLC-load-misses           #   25.61% of all LL-cache accesses  (69.23%)
   <not supported>      L1-icache-loads                                             
       320,823,226      L1-icache-load-misses                                         (30.77%)
   588,508,787,244      dTLB-loads                #    1.948 G/sec                    (30.77%)
        36,182,308      dTLB-load-misses          #    0.01% of all dTLB cache accesses  (30.77%)
   <not supported>      iTLB-loads                                                  
           306,478      iTLB-load-misses                                              (30.77%)
   <not supported>      L1-dcache-prefetches                                        
   <not supported>      L1-dcache-prefetch-misses                                   

     302.271607654 seconds time elapsed

     270.178534000 seconds user
      31.954407000 seconds sys


