
 Performance counter stats for './winograd conf/vgg16.conf':

        520,553.12 msec task-clock                #   30.838 CPUs utilized          
             7,940      context-switches          #   15.253 /sec                   
                60      cpu-migrations            #    0.115 /sec                   
        27,010,461      page-faults               #   51.888 K/sec                  
 1,321,333,356,902      cycles                    #    2.538 GHz                      (38.45%)
 1,290,122,790,981      instructions              #    0.98  insn per cycle           (46.14%)
   189,796,739,687      branches                  #  364.606 M/sec                    (53.84%)
       114,702,987      branch-misses             #    0.06% of all branches          (61.55%)
 6,612,724,651,373      slots                     #   12.703 G/sec                    (69.24%)
   295,619,968,227      topdown-retiring          #      4.1% retiring                (69.24%)
 3,514,649,552,490      topdown-bad-spec          #     49.2% bad speculation         (69.24%)
     6,113,084,542      topdown-fe-bound          #      0.1% frontend bound          (69.24%)
 3,321,374,852,301      topdown-be-bound          #     46.5% backend bound           (69.24%)
   375,925,487,997      L1-dcache-loads           #  722.165 M/sec                    (69.23%)
   100,807,519,354      L1-dcache-load-misses     #   26.82% of all L1-dcache accesses  (69.26%)
       657,667,456      LLC-loads                 #    1.263 M/sec                    (69.27%)
       380,045,993      LLC-load-misses           #   57.79% of all LL-cache accesses  (69.29%)
   <not supported>      L1-icache-loads                                             
       368,447,000      L1-icache-load-misses                                         (30.77%)
   372,504,650,610      dTLB-loads                #  715.594 M/sec                    (30.79%)
        65,672,223      dTLB-load-misses          #    0.02% of all dTLB cache accesses  (30.79%)
   <not supported>      iTLB-loads                                                  
         1,079,904      iTLB-load-misses                                              (30.75%)
   <not supported>      L1-dcache-prefetches                                        
   <not supported>      L1-dcache-prefetch-misses                                   

      16.880066363 seconds time elapsed

     362.066281000 seconds user
     158.523114000 seconds sys


